<?xml version="1.0" encoding="UTF-8"?>
<!-- Generated by org.testng.reporters.JUnitReportReporter -->
<testsuite hostname="CSCO-W-PF34LW3M" failures="0" tests="1" name="com.swiggy.testscripts.TestRunner" time="28.726" errors="0" timestamp="2022-03-17T16:14:27 IST" skipped="0">
  <testcase classname="com.swiggy.testscripts.TestRunner" name="runScenario" time="28.726"/>
  <system-out/>
</testsuite> <!-- com.swiggy.testscripts.TestRunner -->
